<?xml version="1.0" encoding="UTF-8" ?>
<testsuite tests="8" failures="8" name="com.bankofkigali.testcases.HomePageTest" time="2.04" errors="0" skipped="0">
  <properties>
[...]
</properties>
  <testcase classname="com.bankofkigali.testcases.HomePageTest" name="OpenBrowser" time="0.423">
    <failure message="The driver executable does not exist: /Users/josphatmuindi/Desktop/Research/BankOfKigali\lib\chromedriver.exe" type="java.lang.IllegalStateException">java.lang.IllegalStateException: The driver executable does not exist: /Users/josphatmuindi/Desktop/Research/BankOfKigali\lib\chromedriver.exe
	at com.google.common.base.Preconditions.checkState(Preconditions.java:199)
	at org.openqa.selenium.remote.service.DriverService.checkExecutable(DriverService.java:121)
	at org.openqa.selenium.remote.service.DriverService.findExecutable(DriverService.java:116)
	at org.openqa.selenium.chrome.ChromeDriverService.access$000(ChromeDriverService.java:32)
	at org.openqa.selenium.chrome.ChromeDriverService$Builder.findDefaultExecutable(ChromeDriverService.java:137)
	at org.openqa.selenium.remote.service.DriverService$Builder.build(DriverService.java:296)
	at org.openqa.selenium.chrome.ChromeDriverService.createDefaultService(ChromeDriverService.java:88)
	at org.openqa.selenium.chrome.ChromeDriver.&lt;init&gt;(ChromeDriver.java:120)
	at com.bankofkigali.testcases.HomePageTest.OpenBrowser(HomePageTest.java:32)
</failure>
  </testcase>
  <testcase classname="com.bankofkigali.testcases.HomePageTest" name="confirmAssertCardCentre" time="0.027">
    <failure type="java.lang.NullPointerException">java.lang.NullPointerException
	at com.bankofkigali.testcases.HomePageTest.confirmAssertCardCentre(HomePageTest.java:79)
</failure>
  </testcase>
  <testcase classname="com.bankofkigali.testcases.HomePageTest" name="confirmAssertGetALoan" time="0.004">
    <failure type="java.lang.NullPointerException">java.lang.NullPointerException
	at com.bankofkigali.testcases.HomePageTest.confirmAssertGetALoan(HomePageTest.java:54)
</failure>
  </testcase>
  <testcase classname="com.bankofkigali.testcases.HomePageTest" name="confirmAssertGetAMortgage" time="0.011">
    <failure type="java.lang.NullPointerException">java.lang.NullPointerException
	at com.bankofkigali.testcases.HomePageTest.confirmAssertGetAMortgage(HomePageTest.java:66)
</failure>
  </testcase>
  <testcase classname="com.bankofkigali.testcases.HomePageTest" name="confirmAssertJointAccount" time="0.007">
    <failure type="java.lang.NullPointerException">java.lang.NullPointerException
	at com.bankofkigali.testcases.HomePageTest.confirmAssertJointAccount(HomePageTest.java:109)
</failure>
  </testcase>
  <testcase classname="com.bankofkigali.testcases.HomePageTest" name="confirmAssertOpenAccount" time="0.001">
    <failure type="java.lang.NullPointerException">java.lang.NullPointerException
	at com.bankofkigali.testcases.HomePageTest.confirmAssertOpenAccount(HomePageTest.java:41)
</failure>
  </testcase>
  <testcase classname="com.bankofkigali.testcases.HomePageTest" name="confirmAssertPersonalAccount" time="0.002">
    <failure type="java.lang.NullPointerException">java.lang.NullPointerException
	at com.bankofkigali.testcases.HomePageTest.confirmAssertPersonalAccount(HomePageTest.java:93)
</failure>
  </testcase>
  <testcase classname="com.bankofkigali.testcases.HomePageTest" name="confirmAssertSellPriceBuyPrice" time="0.005">
    <failure type="java.lang.NullPointerException">java.lang.NullPointerException
	at com.bankofkigali.testcases.HomePageTest.confirmAssertSellPriceBuyPrice(HomePageTest.java:125)
</failure>
  </testcase>
</testsuite>